fold,it,train_loss,mse_optim,mse_test
0, 0, 1.136358, 1.218933, 0.002442
0, 1, 1.373218, 1.706195, 0.001391
0, 2, 1.005312, 1.292167, 0.001159
0, 3, 0.519169, 0.618149, 0.001268
0, 4, 1.167597, 1.599200, 0.001917
0, 5, 0.675196, 0.897952, 0.002579
0, 6, 0.749249, 0.811808, 0.003113
0, 7, 0.960103, 1.002264, 0.002906
0, 8, 0.383758, 0.458991, 0.002572
0, 9, 1.151428, 1.298460, 0.002226
0, 10, 0.885824, 0.891556, 0.001714
0, 11, 0.798133, 0.870390, 0.001634
0, 12, 0.606781, 0.611087, 0.001876
0, 13, 0.234388, 0.204833, 0.002444
0, 14, 0.469777, 0.431309, 0.003640
0, 15, 0.397199, 0.314994, 0.005937
0, 16, 0.588427, 0.568379, 0.010001
0, 17, 0.445842, 0.450189, 0.014878
0, 18, 0.443496, 0.381507, 0.020587
0, 19, 0.349907, 0.367093, 0.027360
0, 20, 0.271904, 0.259146, 0.029695
0, 21, 0.536563, 0.486831, 0.029923
0, 22, 0.238192, 0.213119, 0.030308
0, 23, 0.371582, 0.259127, 0.028439
0, 24, 0.355334, 0.359859, 0.025414
0, 25, 0.316285, 0.287003, 0.024324
0, 26, 0.583311, 0.502786, 0.020352
0, 27, 0.340111, 0.281305, 0.018134
0, 28, 0.485946, 0.507228, 0.017842
0, 29, 0.538681, 0.382744, 0.017675
0, 30, 0.602411, 0.472328, 0.016734
0, 31, 0.392078, 0.266792, 0.019931
0, 32, 0.365487, 0.264495, 0.028445
0, 33, 0.306625, 0.278792, 0.038209
1, 0, 1.390181, 1.021773, 0.106511
1, 1, 0.993689, 0.731511, 0.124485
1, 2, 0.585176, 0.499447, 0.142115
1, 3, 0.984429, 1.029659, 0.162207
1, 4, 0.666207, 0.691005, 0.179248
1, 5, 0.669914, 0.758695, 0.185965
1, 6, 0.592345, 0.644797, 0.185275
1, 7, 0.427417, 0.473195, 0.175700
1, 8, 0.868431, 0.685711, 0.154689
1, 9, 0.473313, 0.429481, 0.122108
1, 10, 0.333304, 0.334584, 0.091044
1, 11, 0.584574, 0.727213, 0.060848
1, 12, 0.727458, 0.700712, 0.034682
1, 13, 0.502662, 0.436838, 0.019454
1, 14, 0.708017, 0.524393, 0.009419
1, 15, 0.451295, 0.373203, 0.004781
1, 16, 0.251550, 0.231109, 0.002448
1, 17, 0.737914, 0.602269, 0.001298
1, 18, 0.367957, 0.350902, 0.000880
1, 19, 0.642784, 0.693900, 0.000892
1, 20, 0.608063, 0.528214, 0.001022
1, 21, 0.426514, 0.374828, 0.001134
1, 22, 0.767863, 0.711881, 0.001261
1, 23, 0.503539, 0.369110, 0.001436
1, 24, 0.743218, 0.730710, 0.001660
1, 25, 0.371981, 0.314317, 0.001954
1, 26, 0.413901, 0.252291, 0.002441
1, 27, 0.531210, 0.391407, 0.003274
1, 28, 0.612528, 0.429023, 0.004622
1, 29, 0.648667, 0.474028, 0.006340
1, 30, 0.315238, 0.354894, 0.008093
1, 31, 0.177734, 0.145171, 0.009422
1, 32, 0.550104, 0.435939, 0.011037
1, 33, 0.440733, 0.337409, 0.012514
1, 34, 0.238035, 0.208209, 0.013561
1, 35, 0.311742, 0.183525, 0.012965
1, 36, 0.263559, 0.203234, 0.012270
1, 37, 0.191883, 0.173622, 0.012898
1, 38, 0.265185, 0.203283, 0.013698
1, 39, 0.339388, 0.302977, 0.012702
1, 40, 0.184681, 0.118298, 0.011122
1, 41, 0.169045, 0.062930, 0.010041
1, 42, 0.308389, 0.218311, 0.008942
1, 43, 0.316905, 0.207333, 0.009752
1, 44, 0.185452, 0.132892, 0.012036
1, 45, 0.212819, 0.196496, 0.014118
1, 46, 0.279427, 0.179525, 0.015484
1, 47, 0.377988, 0.287490, 0.015109
1, 48, 0.331145, 0.322929, 0.014620
1, 49, 0.124954, 0.098754, 0.014069
2, 0, 1.193557, 1.000113, 0.012135
2, 1, 1.000319, 0.864561, 0.007733
2, 2, 0.698520, 0.599636, 0.007296
2, 3, 0.899863, 0.776934, 0.008150
2, 4, 0.878784, 0.896935, 0.012116
2, 5, 1.072652, 1.240851, 0.017393
2, 6, 0.471615, 0.400962, 0.022935
2, 7, 0.483222, 0.479772, 0.032208
2, 8, 0.523594, 0.447541, 0.044380
2, 9, 0.513707, 0.581374, 0.055121
2, 10, 0.552870, 0.494936, 0.063392
2, 11, 0.331217, 0.313374, 0.064916
2, 12, 0.206469, 0.201836, 0.052884
2, 13, 0.231437, 0.225080, 0.039736
2, 14, 0.574374, 0.541110, 0.028728
2, 15, 0.311974, 0.271597, 0.026230
2, 16, 0.451159, 0.435149, 0.035751
2, 17, 0.344086, 0.321560, 0.058048
2, 18, 0.539269, 0.425430, 0.087655
2, 19, 0.375789, 0.304284, 0.123154
2, 20, 0.138447, 0.084927, 0.155328
2, 21, 0.372745, 0.327140, 0.180007
2, 22, 0.467727, 0.331853, 0.201183
2, 23, 0.290844, 0.301158, 0.214734
2, 24, 0.412079, 0.323797, 0.224426
2, 25, 0.235181, 0.229467, 0.224123
2, 26, 0.197201, 0.148722, 0.202554
2, 27, 0.223790, 0.144241, 0.176926
2, 28, 0.286849, 0.204002, 0.157409
2, 29, 0.151519, 0.121925, 0.126671
2, 30, 0.243227, 0.211681, 0.098962
2, 31, 0.297698, 0.220490, 0.078523
2, 32, 0.321520, 0.270221, 0.055336
2, 33, 0.206047, 0.192324, 0.035974
3, 0, 0.830565, 0.842925, 0.236288
3, 1, 0.592712, 0.593646, 0.203728
3, 2, 0.317000, 0.344912, 0.165946
3, 3, 0.497522, 0.444592, 0.136177
3, 4, 0.347889, 0.304802, 0.111270
3, 5, 0.667266, 0.613063, 0.090453
3, 6, 0.528237, 0.663358, 0.071226
3, 7, 0.338038, 0.404391, 0.055765
3, 8, 0.374600, 0.441822, 0.041867
3, 9, 0.604738, 0.621356, 0.031428
3, 10, 0.368019, 0.328569, 0.023086
3, 11, 0.448388, 0.410575, 0.017153
3, 12, 0.450613, 0.340498, 0.012439
3, 13, 0.465820, 0.448971, 0.008806
3, 14, 0.236385, 0.234015, 0.006032
3, 15, 0.316286, 0.297615, 0.004128
3, 16, 0.360026, 0.245257, 0.002788
3, 17, 0.385791, 0.399182, 0.002035
3, 18, 0.173220, 0.130577, 0.001726
3, 19, 0.372254, 0.299210, 0.001810
3, 20, 0.551163, 0.485400, 0.002294
3, 21, 0.376407, 0.353159, 0.003170
3, 22, 0.184922, 0.203147, 0.004296
3, 23, 0.285079, 0.232097, 0.005705
3, 24, 0.298186, 0.262701, 0.007384
3, 25, 0.131938, 0.139940, 0.009006
3, 26, 0.225285, 0.213114, 0.010788
3, 27, 0.234440, 0.247909, 0.012502
3, 28, 0.211316, 0.229730, 0.014166
3, 29, 0.130111, 0.123280, 0.015683
3, 30, 0.255950, 0.222132, 0.017052
3, 31, 0.287015, 0.274650, 0.018414
3, 32, 0.399372, 0.337366, 0.019919
3, 33, 0.157923, 0.152576, 0.021325
3, 34, 0.077452, 0.090186, 0.022687
3, 35, 0.163701, 0.180431, 0.024325
3, 36, 0.138503, 0.127986, 0.026142
3, 37, 0.199270, 0.181723, 0.027843
3, 38, 0.175328, 0.138427, 0.029780
3, 39, 0.229921, 0.202799, 0.032037
3, 40, 0.256825, 0.202805, 0.034015
3, 41, 0.217944, 0.162632, 0.036227
3, 42, 0.120451, 0.103096, 0.038776
3, 43, 0.131043, 0.092688, 0.041491
3, 44, 0.274005, 0.238006, 0.044053
3, 45, 0.110067, 0.076797, 0.046724
3, 46, 0.153756, 0.107621, 0.048563
3, 47, 0.201388, 0.162613, 0.049739
3, 48, 0.158852, 0.122095, 0.050329
3, 49, 0.230495, 0.143002, 0.049656
4, 0, 0.864791, 0.833662, 0.359448
4, 1, 0.754860, 0.730420, 0.306355
4, 2, 0.512958, 0.522093, 0.246831
4, 3, 0.545759, 0.596733, 0.191008
4, 4, 0.437086, 0.396933, 0.144024
4, 5, 0.364691, 0.246809, 0.110408
4, 6, 0.315151, 0.346758, 0.081196
4, 7, 0.636223, 0.604968, 0.059385
4, 8, 0.351805, 0.392729, 0.041966
4, 9, 0.534329, 0.477188, 0.031322
4, 10, 0.580481, 0.499601, 0.021850
4, 11, 0.477478, 0.346694, 0.015342
4, 12, 0.412917, 0.409694, 0.010346
4, 13, 0.242898, 0.201950, 0.006214
4, 14, 0.293022, 0.189782, 0.004255
4, 15, 0.170421, 0.157435, 0.003704
4, 16, 0.396710, 0.263357, 0.004599
4, 17, 0.227369, 0.167675, 0.006734
4, 18, 0.285708, 0.163458, 0.010362
4, 19, 0.189903, 0.140238, 0.017454
4, 20, 0.293027, 0.230455, 0.025625
4, 21, 0.315956, 0.214659, 0.035909
4, 22, 0.194588, 0.187577, 0.045399
4, 23, 0.190769, 0.229925, 0.055592
4, 24, 0.178763, 0.104123, 0.065310
4, 25, 0.366524, 0.296509, 0.072237
4, 26, 0.240442, 0.131405, 0.080182
4, 27, 0.330651, 0.208996, 0.084478
4, 28, 0.174260, 0.124758, 0.088016
4, 29, 0.105487, 0.134109, 0.086333
4, 30, 0.215445, 0.187178, 0.082234
4, 31, 0.335494, 0.183991, 0.081596
4, 32, 0.069338, 0.052935, 0.079617
4, 33, 0.147305, 0.117921, 0.072269
4, 34, 0.117222, 0.109338, 0.061467
4, 35, 0.146750, 0.186895, 0.053691
4, 36, 0.148046, 0.153318, 0.045710
4, 37, 0.172824, 0.127495, 0.039462
4, 38, 0.111622, 0.129367, 0.032287
4, 39, 0.191786, 0.154844, 0.026808
4, 40, 0.167548, 0.156463, 0.026036
4, 41, 0.334847, 0.240381, 0.028451
4, 42, 0.271920, 0.181265, 0.030622
4, 43, 0.147120, 0.099090, 0.028995
4, 44, 0.222424, 0.124208, 0.029512
4, 45, 0.175100, 0.103421, 0.028336
4, 46, 0.171104, 0.168184, 0.025934
5, 0, 0.678208, 0.610027, 0.415462
5, 1, 0.814488, 0.921306, 0.360580
5, 2, 0.785506, 0.846202, 0.322418
5, 3, 0.771070, 0.779455, 0.280162
5, 4, 0.807895, 0.961020, 0.240293
5, 5, 0.495805, 0.520338, 0.204446
5, 6, 0.295428, 0.372469, 0.171432
5, 7, 0.633114, 0.631031, 0.144127
5, 8, 0.778026, 0.775643, 0.123162
5, 9, 0.429626, 0.481247, 0.105531
5, 10, 0.679653, 0.640687, 0.088981
5, 11, 0.479176, 0.378547, 0.074640
5, 12, 0.431642, 0.317472, 0.062427
5, 13, 0.371119, 0.350810, 0.050121
5, 14, 0.397146, 0.350946, 0.039142
5, 15, 0.518000, 0.467348, 0.028920
5, 16, 0.234983, 0.192796, 0.021480
5, 17, 0.231349, 0.169185, 0.016037
5, 18, 0.305698, 0.249215, 0.011697
5, 19, 0.430019, 0.374104, 0.008470
5, 20, 0.308754, 0.276169, 0.006027
5, 21, 0.429269, 0.397361, 0.004401
5, 22, 0.290371, 0.226554, 0.003238
5, 23, 0.143513, 0.072781, 0.002454
5, 24, 0.212842, 0.240543, 0.001893
5, 25, 0.475569, 0.414246, 0.001526
5, 26, 0.192914, 0.159284, 0.001366
5, 27, 0.169825, 0.117344, 0.001398
5, 28, 0.116282, 0.114526, 0.001563
5, 29, 0.120008, 0.109988, 0.001865
5, 30, 0.180259, 0.114543, 0.002308
5, 31, 0.149523, 0.159931, 0.002839
5, 32, 0.208495, 0.140267, 0.003704
5, 33, 0.311826, 0.214040, 0.004895
5, 34, 0.130396, 0.113806, 0.006509
5, 35, 0.234906, 0.246239, 0.008148
5, 36, 0.199966, 0.127450, 0.009740
5, 37, 0.124081, 0.092799, 0.011197
5, 38, 0.244941, 0.150837, 0.012966
5, 39, 0.167389, 0.135466, 0.014538
5, 40, 0.109197, 0.080801, 0.014839
5, 41, 0.170758, 0.094855, 0.014290
5, 42, 0.212466, 0.188025, 0.012482
5, 43, 0.201026, 0.159950, 0.011268
5, 44, 0.150866, 0.116926, 0.010877
5, 45, 0.148764, 0.164602, 0.011636
5, 46, 0.275976, 0.236783, 0.013612
5, 47, 0.137459, 0.130495, 0.015112
5, 48, 0.257443, 0.167934, 0.017713
5, 49, 0.127830, 0.167090, 0.022644
5, 50, 0.172899, 0.147204, 0.026855
5, 51, 0.117408, 0.144213, 0.031213
5, 52, 0.187023, 0.096633, 0.034459
5, 53, 0.129495, 0.131011, 0.036399
5, 54, 0.372004, 0.311715, 0.036891
5, 55, 0.235144, 0.175534, 0.037018
5, 56, 0.177918, 0.202511, 0.035636
5, 57, 0.215370, 0.136788, 0.034482
6, 0, 1.502900, 1.432971, 0.277882
6, 1, 0.412377, 0.478258, 0.249210
6, 2, 0.246339, 0.264628, 0.213805
6, 3, 0.665145, 0.635281, 0.174790
6, 4, 0.562985, 0.656185, 0.140110
6, 5, 0.738513, 0.759746, 0.108366
6, 6, 0.483741, 0.589582, 0.081927
6, 7, 0.528428, 0.647309, 0.059125
6, 8, 0.429202, 0.422668, 0.041288
6, 9, 0.293016, 0.325773, 0.028288
6, 10, 0.637992, 0.517221, 0.018369
6, 11, 0.355033, 0.312930, 0.011062
6, 12, 0.443645, 0.451652, 0.005971
6, 13, 0.432911, 0.412165, 0.002982
6, 14, 0.601727, 0.481586, 0.001573
6, 15, 0.541413, 0.496266, 0.001381
6, 16, 0.411868, 0.320169, 0.002093
6, 17, 0.167749, 0.192532, 0.003487
6, 18, 0.376479, 0.411252, 0.005401
6, 19, 0.450327, 0.387017, 0.007687
6, 20, 0.219333, 0.204354, 0.010212
6, 21, 0.196311, 0.229537, 0.012859
6, 22, 0.241244, 0.224220, 0.015598
6, 23, 0.216881, 0.163342, 0.018409
6, 24, 0.122126, 0.086509, 0.021127
6, 25, 0.186024, 0.166193, 0.023902
6, 26, 0.301387, 0.340749, 0.026736
6, 27, 0.202707, 0.214527, 0.029362
6, 28, 0.397532, 0.316359, 0.032291
6, 29, 0.310482, 0.287047, 0.035160
6, 30, 0.208784, 0.242037, 0.038278
6, 31, 0.232202, 0.194269, 0.041668
6, 32, 0.410843, 0.356313, 0.045614
6, 33, 0.409723, 0.381626, 0.049997
6, 34, 0.188076, 0.149615, 0.053919
6, 35, 0.119673, 0.112091, 0.057632
6, 36, 0.351350, 0.307979, 0.062074
6, 37, 0.362795, 0.271773, 0.067161
6, 38, 0.132939, 0.128897, 0.071821
6, 39, 0.153735, 0.128774, 0.076538
6, 40, 0.258329, 0.247772, 0.081041
6, 41, 0.262307, 0.196094, 0.085553
6, 42, 0.171831, 0.186715, 0.089972
6, 43, 0.305443, 0.189092, 0.094369
6, 44, 0.160659, 0.169336, 0.097315
6, 45, 0.159174, 0.172574, 0.098148
6, 46, 0.399993, 0.278769, 0.094991
7, 0, 1.364358, 1.015983, 0.541548
7, 1, 0.734540, 0.658458, 0.474748
7, 2, 0.817264, 0.744355, 0.408692
7, 3, 0.581043, 0.538004, 0.348433
7, 4, 0.857589, 0.853707, 0.293740
7, 5, 0.652446, 0.675281, 0.246211
7, 6, 0.596325, 0.553162, 0.209028
7, 7, 0.466669, 0.436044, 0.174926
7, 8, 0.442214, 0.420975, 0.147091
7, 9, 0.677218, 0.697616, 0.126168
7, 10, 0.443231, 0.463090, 0.107977
7, 11, 0.349416, 0.427499, 0.092593
7, 12, 0.468221, 0.405956, 0.080521
7, 13, 0.317822, 0.290970, 0.069869
7, 14, 0.209003, 0.163872, 0.061014
7, 15, 0.220966, 0.237826, 0.053727
7, 16, 0.170578, 0.219847, 0.046907
7, 17, 0.407713, 0.522571, 0.040700
7, 18, 0.400163, 0.341453, 0.035604
7, 19, 0.324507, 0.267317, 0.031177
7, 20, 0.244696, 0.201469, 0.027108
7, 21, 0.382583, 0.328922, 0.023816
7, 22, 0.183162, 0.150348, 0.020550
7, 23, 0.149666, 0.134410, 0.017679
7, 24, 0.352293, 0.234100, 0.014755
7, 25, 0.242120, 0.243251, 0.012269
7, 26, 0.267441, 0.255665, 0.010205
7, 27, 0.328116, 0.175746, 0.008309
7, 28, 0.305020, 0.251554, 0.006737
7, 29, 0.256206, 0.197588, 0.005197
7, 30, 0.264785, 0.209635, 0.003730
7, 31, 0.231435, 0.230407, 0.002646
7, 32, 0.314743, 0.242013, 0.002252
7, 33, 0.117542, 0.072953, 0.002660
7, 34, 0.363579, 0.266289, 0.003853
7, 35, 0.162040, 0.085987, 0.005903
7, 36, 0.237184, 0.214561, 0.008191
7, 37, 0.177100, 0.132409, 0.011092
7, 38, 0.269066, 0.232259, 0.013662
7, 39, 0.170196, 0.103585, 0.016539
7, 40, 0.270034, 0.219297, 0.019808
7, 41, 0.200249, 0.189284, 0.023158
7, 42, 0.244460, 0.190340, 0.026817
7, 43, 0.150734, 0.109089, 0.029458
7, 44, 0.338018, 0.296759, 0.033380
7, 45, 0.154883, 0.140357, 0.035566
7, 46, 0.162137, 0.140534, 0.036430
7, 47, 0.246784, 0.227437, 0.036645
7, 48, 0.156437, 0.105909, 0.038519
7, 49, 0.175275, 0.107665, 0.040545
7, 50, 0.136213, 0.074272, 0.046071
7, 51, 0.148270, 0.112092, 0.051738
7, 52, 0.172945, 0.154731, 0.058007
7, 53, 0.207207, 0.152340, 0.060107
7, 54, 0.226844, 0.154510, 0.059131
7, 55, 0.119887, 0.113213, 0.055189
7, 56, 0.136333, 0.097172, 0.051363
7, 57, 0.113125, 0.071492, 0.046675
7, 58, 0.256514, 0.194987, 0.040911
7, 59, 0.125527, 0.091683, 0.035861
7, 60, 0.142134, 0.139588, 0.030715
7, 61, 0.109417, 0.098205, 0.027691
7, 62, 0.172030, 0.093729, 0.025488
7, 63, 0.148216, 0.125753, 0.022800
8, 0, 1.125368, 0.974952, 0.386260
8, 1, 0.876821, 0.772816, 0.312446
8, 2, 0.947608, 0.914952, 0.249532
8, 3, 0.843017, 0.802494, 0.200757
8, 4, 0.506687, 0.571840, 0.158099
8, 5, 0.790133, 0.744561, 0.121449
8, 6, 0.300073, 0.312658, 0.092537
8, 7, 0.440000, 0.438084, 0.071452
8, 8, 0.690466, 0.652994, 0.055577
8, 9, 0.306045, 0.287535, 0.044176
8, 10, 0.393540, 0.298590, 0.035849
8, 11, 0.407070, 0.313922, 0.028920
8, 12, 0.453130, 0.340378, 0.022959
8, 13, 0.331133, 0.341840, 0.017255
8, 14, 0.224070, 0.224055, 0.012900
8, 15, 0.301575, 0.243089, 0.009164
8, 16, 0.173691, 0.153597, 0.005945
8, 17, 0.163574, 0.183913, 0.003799
8, 18, 0.222649, 0.179857, 0.002901
8, 19, 0.119339, 0.147338, 0.002913
8, 20, 0.207412, 0.225693, 0.003829
8, 21, 0.302580, 0.252880, 0.005616
8, 22, 0.296786, 0.211474, 0.008412
8, 23, 0.203147, 0.130405, 0.012412
8, 24, 0.390680, 0.290628, 0.017539
8, 25, 0.214374, 0.198804, 0.023656
8, 26, 0.265214, 0.182192, 0.030611
8, 27, 0.279723, 0.287509, 0.039116
8, 28, 0.157162, 0.162651, 0.048575
8, 29, 0.329661, 0.238035, 0.057884
8, 30, 0.169966, 0.155401, 0.066383
8, 31, 0.212572, 0.147956, 0.074177
8, 32, 0.230314, 0.148452, 0.079886
8, 33, 0.222067, 0.196945, 0.082898
8, 34, 0.225719, 0.156743, 0.085224
8, 35, 0.164170, 0.169901, 0.089142
8, 36, 0.081398, 0.083966, 0.090153
8, 37, 0.166048, 0.169117, 0.089717
8, 38, 0.205649, 0.168221, 0.087379
8, 39, 0.220428, 0.170581, 0.084183
8, 40, 0.198281, 0.177412, 0.081150
8, 41, 0.141654, 0.141012, 0.077058
8, 42, 0.151169, 0.113640, 0.076649
8, 43, 0.107683, 0.100560, 0.072490
8, 44, 0.170282, 0.122897, 0.067406
8, 45, 0.142820, 0.106023, 0.064055
8, 46, 0.119721, 0.097230, 0.063028
8, 47, 0.148798, 0.146492, 0.057995
8, 48, 0.289495, 0.154284, 0.054675
8, 49, 0.176879, 0.133928, 0.048174
9, 0, 0.637997, 0.643388, 0.010221
9, 1, 0.513592, 0.591678, 0.010286
9, 2, 0.984175, 1.044839, 0.010491
9, 3, 0.554955, 0.659336, 0.010136
9, 4, 0.711027, 0.795154, 0.009092
9, 5, 0.360292, 0.340716, 0.009269
9, 6, 0.420321, 0.391756, 0.008862
9, 7, 0.388829, 0.383206, 0.008529
9, 8, 0.444621, 0.444177, 0.007219
9, 9, 0.591977, 0.544967, 0.005067
9, 10, 0.779978, 0.750533, 0.003094
9, 11, 0.598962, 0.607073, 0.002252
9, 12, 0.573067, 0.579748, 0.002526
9, 13, 0.762253, 0.679649, 0.004510
9, 14, 0.579569, 0.515304, 0.008623
9, 15, 0.597361, 0.502531, 0.016772
9, 16, 0.792849, 0.637637, 0.028296
9, 17, 0.600371, 0.532928, 0.040364
9, 18, 0.547102, 0.538087, 0.053411
9, 19, 0.402402, 0.319609, 0.065958
9, 20, 0.458227, 0.382238, 0.079767
9, 21, 0.652255, 0.494884, 0.094311
9, 22, 0.499897, 0.372637, 0.108599
9, 23, 0.347859, 0.294228, 0.122697
9, 24, 0.250677, 0.215537, 0.134981
9, 25, 0.157241, 0.125670, 0.146291
9, 26, 0.494502, 0.454243, 0.153659
9, 27, 0.169069, 0.137326, 0.157899
9, 28, 0.163314, 0.153014, 0.157721
9, 29, 0.334612, 0.264220, 0.153139
9, 30, 0.467444, 0.414124, 0.146590
9, 31, 0.323818, 0.240385, 0.139165
9, 32, 0.333313, 0.279512, 0.131569
9, 33, 0.344121, 0.285921, 0.127719
9, 34, 0.196013, 0.166076, 0.130308
9, 35, 0.194958, 0.115599, 0.132928
9, 36, 0.501091, 0.411489, 0.131881
9, 37, 0.149716, 0.135016, 0.128049
9, 38, 0.273033, 0.251281, 0.124689
9, 39, 0.213922, 0.150344, 0.120842
9, 40, 0.404665, 0.306072, 0.112673
9, 41, 0.236844, 0.163091, 0.099824
9, 42, 0.209763, 0.205577, 0.078281
